              :-) GROMACS - gmx mdrun, 2021.4-Ubuntu-2021.4-2 (-:

                            GROMACS is written by:
     Andrey Alekseenko              Emile Apol              Rossen Apostolov     
         Paul Bauer           Herman J.C. Berendsen           Par Bjelkmar       
       Christian Blau           Viacheslav Bolnykh             Kevin Boyd        
     Aldert van Buuren           Rudi van Drunen             Anton Feenstra      
    Gilles Gouaillardet             Alan Gray               Gerrit Groenhof      
       Anca Hamuraru            Vincent Hindriksen          M. Eric Irrgang      
      Aleksei Iupinov           Christoph Junghans             Joe Jordan        
    Dimitrios Karkoulis            Peter Kasson                Jiri Kraus        
      Carsten Kutzner              Per Larsson              Justin A. Lemkul     
       Viveca Lindahl            Magnus Lundborg             Erik Marklund       
        Pascal Merz             Pieter Meulenhoff            Teemu Murtola       
        Szilard Pall               Sander Pronk              Roland Schulz       
       Michael Shirts            Alexey Shvetsov             Alfons Sijbers      
       Peter Tieleman              Jon Vincent              Teemu Virolainen     
     Christian Wennberg            Maarten Wolf              Artem Zhmurov       
                           and the project leaders:
        Mark Abraham, Berk Hess, Erik Lindahl, and David van der Spoel

Copyright (c) 1991-2000, University of Groningen, The Netherlands.
Copyright (c) 2001-2019, The GROMACS development team at
Uppsala University, Stockholm University and
the Royal Institute of Technology, Sweden.
check out http://www.gromacs.org for more information.

GROMACS is free software; you can redistribute it and/or modify it
under the terms of the GNU Lesser General Public License
as published by the Free Software Foundation; either version 2.1
of the License, or (at your option) any later version.

GROMACS:      gmx mdrun, version 2021.4-Ubuntu-2021.4-2
Executable:   /usr/bin/gmx
Data prefix:  /usr
Working dir:  /mnt/c/Ntnu/Nanomekanikk/Project_TKT4146/gromacs3
Process ID:   137
Command line:
  gmx mdrun -deffnm md_5_0/md

GROMACS version:    2021.4-Ubuntu-2021.4-2
Precision:          mixed
Memory model:       64 bit
MPI library:        thread_mpi
OpenMP support:     enabled (GMX_OPENMP_MAX_THREADS = 64)
GPU support:        disabled
SIMD instructions:  SSE4.1
FFT library:        fftw-3.3.8-sse2-avx
RDTSCP usage:       enabled
TNG support:        enabled
Hwloc support:      hwloc-2.5.0
Tracing support:    disabled
C compiler:         /usr/bin/cc GNU 11.2.0
C compiler flags:   -msse4.1 -Wno-missing-field-initializers -fexcess-precision=fast -funroll-all-loops -O3 -DNDEBUG
C++ compiler:       /usr/bin/c++ GNU 11.2.0
C++ compiler flags: -msse4.1 -Wno-missing-field-initializers -fexcess-precision=fast -funroll-all-loops -fopenmp -O3 -DNDEBUG


Running on 1 node with total 6 cores, 12 logical cores
Hardware detected:
  CPU info:
    Vendor: AMD
    Brand:  AMD Ryzen 5 3600 6-Core Processor              
    Family: 23   Model: 113   Stepping: 0
    Features: aes amd apic avx avx2 clfsh cmov cx8 cx16 f16c fma htt lahf misalignsse mmx msr nonstop_tsc pclmuldq pdpe1gb popcnt pse rdrnd rdtscp sha sse2 sse3 sse4a sse4.1 sse4.2 ssse3
  Hardware topology: Basic
    Sockets, cores, and logical processors:
      Socket  0: [   0   1] [   2   3] [   4   5] [   6   7] [   8   9] [  10  11]

Highest SIMD level supported by all nodes in run: AVX2_256
SIMD instructions selected at compile time:       SSE4.1
This program was compiled for different hardware than you are running on,
which could influence performance.

++++ PLEASE READ AND CITE THE FOLLOWING REFERENCE ++++
M. J. Abraham, T. Murtola, R. Schulz, S. Páll, J. C. Smith, B. Hess, E.
Lindahl
GROMACS: High performance molecular simulations through multi-level
parallelism from laptops to supercomputers
SoftwareX 1 (2015) pp. 19-25
-------- -------- --- Thank You --- -------- --------


++++ PLEASE READ AND CITE THE FOLLOWING REFERENCE ++++
S. Páll, M. J. Abraham, C. Kutzner, B. Hess, E. Lindahl
Tackling Exascale Software Challenges in Molecular Dynamics Simulations with
GROMACS
In S. Markidis & E. Laure (Eds.), Solving Software Challenges for Exascale 8759 (2015) pp. 3-27
-------- -------- --- Thank You --- -------- --------


++++ PLEASE READ AND CITE THE FOLLOWING REFERENCE ++++
S. Pronk, S. Páll, R. Schulz, P. Larsson, P. Bjelkmar, R. Apostolov, M. R.
Shirts, J. C. Smith, P. M. Kasson, D. van der Spoel, B. Hess, and E. Lindahl
GROMACS 4.5: a high-throughput and highly parallel open source molecular
simulation toolkit
Bioinformatics 29 (2013) pp. 845-54
-------- -------- --- Thank You --- -------- --------


++++ PLEASE READ AND CITE THE FOLLOWING REFERENCE ++++
B. Hess and C. Kutzner and D. van der Spoel and E. Lindahl
GROMACS 4: Algorithms for highly efficient, load-balanced, and scalable
molecular simulation
J. Chem. Theory Comput. 4 (2008) pp. 435-447
-------- -------- --- Thank You --- -------- --------


++++ PLEASE READ AND CITE THE FOLLOWING REFERENCE ++++
D. van der Spoel, E. Lindahl, B. Hess, G. Groenhof, A. E. Mark and H. J. C.
Berendsen
GROMACS: Fast, Flexible and Free
J. Comp. Chem. 26 (2005) pp. 1701-1719
-------- -------- --- Thank You --- -------- --------


++++ PLEASE READ AND CITE THE FOLLOWING REFERENCE ++++
E. Lindahl and B. Hess and D. van der Spoel
GROMACS 3.0: A package for molecular simulation and trajectory analysis
J. Mol. Mod. 7 (2001) pp. 306-317
-------- -------- --- Thank You --- -------- --------


++++ PLEASE READ AND CITE THE FOLLOWING REFERENCE ++++
H. J. C. Berendsen, D. van der Spoel and R. van Drunen
GROMACS: A message-passing parallel molecular dynamics implementation
Comp. Phys. Comm. 91 (1995) pp. 43-56
-------- -------- --- Thank You --- -------- --------

Input Parameters:
   integrator                     = md
   tinit                          = 0
   dt                             = 0.002
   nsteps                         = 500000
   init-step                      = 0
   simulation-part                = 1
   mts                            = false
   comm-mode                      = Linear
   nstcomm                        = 100
   bd-fric                        = 0
   ld-seed                        = -71309961
   emtol                          = 10
   emstep                         = 0.01
   niter                          = 20
   fcstep                         = 0
   nstcgsteep                     = 1000
   nbfgscorr                      = 10
   rtpi                           = 0.05
   nstxout                        = 5000
   nstvout                        = 5000
   nstfout                        = 5000
   nstlog                         = 5000
   nstcalcenergy                  = 100
   nstenergy                      = 5000
   nstxout-compressed             = 1000
   compressed-x-precision         = 1000
   cutoff-scheme                  = Verlet
   nstlist                        = 10
   pbc                            = xyz
   periodic-molecules             = false
   verlet-buffer-tolerance        = 0.005
   rlist                          = 1
   coulombtype                    = PME
   coulomb-modifier               = Potential-shift
   rcoulomb-switch                = 0
   rcoulomb                       = 1
   epsilon-r                      = 1
   epsilon-rf                     = inf
   vdw-type                       = Cut-off
   vdw-modifier                   = Potential-shift
   rvdw-switch                    = 0
   rvdw                           = 1
   DispCorr                       = No
   table-extension                = 1
   fourierspacing                 = 0.16
   fourier-nx                     = 192
   fourier-ny                     = 192
   fourier-nz                     = 192
   pme-order                      = 4
   ewald-rtol                     = 1e-05
   ewald-rtol-lj                  = 0.001
   lj-pme-comb-rule               = Geometric
   ewald-geometry                 = 0
   epsilon-surface                = 0
   tcoupl                         = V-rescale
   nsttcouple                     = 10
   nh-chain-length                = 0
   print-nose-hoover-chain-variables = false
   pcoupl                         = No
   pcoupltype                     = Isotropic
   nstpcouple                     = -1
   tau-p                          = 1
   compressibility (3x3):
      compressibility[    0]={ 0.00000e+00,  0.00000e+00,  0.00000e+00}
      compressibility[    1]={ 0.00000e+00,  0.00000e+00,  0.00000e+00}
      compressibility[    2]={ 0.00000e+00,  0.00000e+00,  0.00000e+00}
   ref-p (3x3):
      ref-p[    0]={ 0.00000e+00,  0.00000e+00,  0.00000e+00}
      ref-p[    1]={ 0.00000e+00,  0.00000e+00,  0.00000e+00}
      ref-p[    2]={ 0.00000e+00,  0.00000e+00,  0.00000e+00}
   refcoord-scaling               = No
   posres-com (3):
      posres-com[0]= 0.00000e+00
      posres-com[1]= 0.00000e+00
      posres-com[2]= 0.00000e+00
   posres-comB (3):
      posres-comB[0]= 0.00000e+00
      posres-comB[1]= 0.00000e+00
      posres-comB[2]= 0.00000e+00
   QMMM                           = false
qm-opts:
   ngQM                           = 0
   constraint-algorithm           = Lincs
   continuation                   = true
   Shake-SOR                      = false
   shake-tol                      = 0.0001
   lincs-order                    = 16
   lincs-iter                     = 2
   lincs-warnangle                = 30
   nwall                          = 0
   wall-type                      = 9-3
   wall-r-linpot                  = -1
   wall-atomtype[0]               = -1
   wall-atomtype[1]               = -1
   wall-density[0]                = 0
   wall-density[1]                = 0
   wall-ewald-zfac                = 3
   pull                           = true
   pull-cylinder-r                = 1.5
   pull-constr-tol                = 1e-06
   pull-print-COM                 = false
   pull-print-ref-value           = false
   pull-print-components          = false
   pull-nstxout                   = 50
   pull-nstfout                   = 50
   pull-pbc-ref-prev-step-com     = false
   pull-xout-average              = false
   pull-fout-average              = false
   pull-ngroups                   = 3
   pull-group 0:
     atom: not available
     weight: not available
     pbcatom                        = -1
   pull-group 1:
     atom (3):
        atom[0]=181
        atom[1]=369
        atom[2]=557
     weight: not available
     pbcatom                        = 369
   pull-group 2:
     atom (3):
        atom[0]=3
        atom[1]=191
        atom[2]=379
     weight: not available
     pbcatom                        = 191
   pull-ncoords                   = 1
   pull-coord 0:
   type                           = umbrella
   geometry                       = distance
   group[0]                       = 1
   group[1]                       = 2
   dim (3):
      dim[0]=0
      dim[1]=0
      dim[2]=1
   origin (3):
      origin[0]= 0.00000e+00
      origin[1]= 0.00000e+00
      origin[2]= 0.00000e+00
   vec (3):
      vec[0]= 0.00000e+00
      vec[1]= 0.00000e+00
      vec[2]= 0.00000e+00
   start                          = true
   init                           = 5.52367
   rate                           = 0.1
   k                              = 2000
   kB                             = 2000
   awh                            = false
   rotation                       = false
   interactiveMD                  = false
   disre                          = No
   disre-weighting                = Conservative
   disre-mixed                    = false
   dr-fc                          = 1000
   dr-tau                         = 0
   nstdisreout                    = 100
   orire-fc                       = 0
   orire-tau                      = 0
   nstorireout                    = 100
   free-energy                    = no
   cos-acceleration               = 0
   deform (3x3):
      deform[    0]={ 0.00000e+00,  0.00000e+00,  0.00000e+00}
      deform[    1]={ 0.00000e+00,  0.00000e+00,  0.00000e+00}
      deform[    2]={ 0.00000e+00,  0.00000e+00,  0.00000e+00}
   simulated-tempering            = false
   swapcoords                     = no
   userint1                       = 0
   userint2                       = 0
   userint3                       = 0
   userint4                       = 0
   userreal1                      = 0
   userreal2                      = 0
   userreal3                      = 0
   userreal4                      = 0
   applied-forces:
     electric-field:
       x:
         E0                       = 0
         omega                    = 0
         t0                       = 0
         sigma                    = 0
       y:
         E0                       = 0
         omega                    = 0
         t0                       = 0
         sigma                    = 0
       z:
         E0                       = 0
         omega                    = 0
         t0                       = 0
         sigma                    = 0
     density-guided-simulation:
       active                     = false
       group                      = protein
       similarity-measure         = inner-product
       atom-spreading-weight      = unity
       force-constant             = 1e+09
       gaussian-transform-spreading-width = 0.2
       gaussian-transform-spreading-range-in-multiples-of-width = 4
       reference-density-filename = reference.mrc
       nst                        = 1
       normalize-densities        = true
       adaptive-force-scaling     = false
       adaptive-force-scaling-time-constant = 4
       shift-vector               = 
       transformation-matrix      = 
grpopts:
   nrdf:        1656
   ref-t:         300
   tau-t:         0.1
annealing:          No
annealing-npoints:           0
   acc:	           0           0           0
   nfreeze:           N           N           N
   energygrp-flags[  0]: 0

Changing nstlist from 10 to 100, rlist from 1 to 1

Using 1 MPI thread
Using 12 OpenMP threads 

Pinning threads with an auto-selected logical core stride of 1
System total charge: 0.000
Will do PME sum in reciprocal space for electrostatic interactions.

++++ PLEASE READ AND CITE THE FOLLOWING REFERENCE ++++
U. Essmann, L. Perera, M. L. Berkowitz, T. Darden, H. Lee and L. G. Pedersen 
A smooth particle mesh Ewald method
J. Chem. Phys. 103 (1995) pp. 8577-8592
-------- -------- --- Thank You --- -------- --------

Using a Gaussian width (1/beta) of 0.320163 nm for Ewald
Potential shift: LJ r^-12: -1.000e+00 r^-6: -1.000e+00, Ewald -1.000e-05
Initialized non-bonded Ewald tables, spacing: 9.33e-04 size: 1073

Generated table with 1000 data points for 1-4 COUL.
Tabscale = 500 points/nm
Generated table with 1000 data points for 1-4 LJ6.
Tabscale = 500 points/nm
Generated table with 1000 data points for 1-4 LJ12.
Tabscale = 500 points/nm


Using SIMD 4x4 nonbonded short-range kernels

Using a 4x4 pair-list setup:
  updated every 100 steps, buffer 0.000 nm, rlist 1.000 nm
At tolerance 0.005 kJ/mol/ps per atom, equivalent classical 1x1 list would be:
  updated every 100 steps, buffer 0.000 nm, rlist 1.000 nm

Using full Lennard-Jones parameter combination matrix

Will apply potential COM pulling
with 1 pull coordinate and 2 groups
Pull group 1:     3 atoms, mass    39.057
Pull group 2:     3 atoms, mass    39.057

Initializing LINear Constraint Solver

++++ PLEASE READ AND CITE THE FOLLOWING REFERENCE ++++
B. Hess and H. Bekker and H. J. C. Berendsen and J. G. E. M. Fraaije
LINCS: A Linear Constraint Solver for molecular simulations
J. Comp. Chem. 18 (1997) pp. 1463-1472
-------- -------- --- Thank You --- -------- --------

The number of constraints is 33

++++ PLEASE READ AND CITE THE FOLLOWING REFERENCE ++++
G. Bussi, D. Donadio and M. Parrinello
Canonical sampling through velocity rescaling
J. Chem. Phys. 126 (2007) pp. 014101
-------- -------- --- Thank You --- -------- --------

There are: 564 Atoms
Center of mass motion removal mode is Linear
We have the following groups for center of mass motion removal:
  0:  rest

Started mdrun on rank 0 Thu Dec  7 17:17:14 2023

           Step           Time
              0        0.00000

   Energies (kJ/mol)
        G96Bond       G96Angle    Proper Dih.  Improper Dih.          LJ-14
    7.85776e+02    1.64899e+03    1.32685e+03    2.41470e+02    3.15156e+02
     Coulomb-14        LJ (SR)   Coulomb (SR)   Coul. recip.   COM Pull En.
    7.03086e+03   -1.89463e+03   -9.54435e+03    1.66344e+03    3.06882e-11
      Potential    Kinetic En.   Total Energy  Conserved En.    Temperature
    1.57357e+03    2.24149e+03    3.81506e+03    3.81506e+03    3.25591e+02
 Pressure (bar)   Constr. rmsd
   -5.18340e-01    4.12465e-06

           Step           Time
           5000       10.00000

   Energies (kJ/mol)
        G96Bond       G96Angle    Proper Dih.  Improper Dih.          LJ-14
    7.72921e+02    1.64766e+03    1.44047e+03    2.38264e+02    3.18654e+02
     Coulomb-14        LJ (SR)   Coulomb (SR)   Coul. recip.   COM Pull En.
    6.96138e+03   -1.83054e+03   -9.39594e+03    1.55740e+03    1.99863e+01
      Potential    Kinetic En.   Total Energy  Conserved En.    Temperature
    1.73025e+03    1.99445e+03    3.72470e+03    4.01520e+03    2.89707e+02
 Pressure (bar)   Constr. rmsd
   -8.15449e-01    3.24037e-06

           Step           Time
          10000       20.00000

   Energies (kJ/mol)
        G96Bond       G96Angle    Proper Dih.  Improper Dih.          LJ-14
    8.47549e+02    1.58536e+03    1.40558e+03    2.65505e+02    3.72808e+02
     Coulomb-14        LJ (SR)   Coulomb (SR)   Coul. recip.   COM Pull En.
    6.97444e+03   -1.72658e+03   -9.34386e+03    1.62553e+03    6.32870e+01
      Potential    Kinetic En.   Total Energy  Conserved En.    Temperature
    2.06962e+03    2.08674e+03    4.15636e+03    4.42646e+03    3.03112e+02
 Pressure (bar)   Constr. rmsd
   -4.23872e-01    3.44346e-06

Writing checkpoint, step 12200 at Thu Dec  7 17:32:20 2023


           Step           Time
          15000       30.00000

   Energies (kJ/mol)
        G96Bond       G96Angle    Proper Dih.  Improper Dih.          LJ-14
    7.47512e+02    1.67149e+03    1.41193e+03    2.70630e+02    2.76240e+02
     Coulomb-14        LJ (SR)   Coulomb (SR)   Coul. recip.   COM Pull En.
    6.86321e+03   -1.59324e+03   -9.10450e+03    1.65132e+03    1.31647e+02
      Potential    Kinetic En.   Total Energy  Conserved En.    Temperature
    2.32624e+03    2.22368e+03    4.54992e+03    5.02429e+03    3.23004e+02
 Pressure (bar)   Constr. rmsd
    3.41330e-01    3.45296e-06

           Step           Time
          20000       40.00000

   Energies (kJ/mol)
        G96Bond       G96Angle    Proper Dih.  Improper Dih.          LJ-14
    7.72651e+02    1.88829e+03    1.36162e+03    3.36746e+02    2.84953e+02
     Coulomb-14        LJ (SR)   Coulomb (SR)   Coul. recip.   COM Pull En.
    6.81154e+03   -1.70761e+03   -8.90366e+03    1.80744e+03    2.56529e+02
      Potential    Kinetic En.   Total Energy  Conserved En.    Temperature
    2.90849e+03    2.10025e+03    5.00875e+03    5.81932e+03    3.05075e+02
 Pressure (bar)   Constr. rmsd
    2.36494e-01    2.73344e-06

           Step           Time
          25000       50.00000

   Energies (kJ/mol)
        G96Bond       G96Angle    Proper Dih.  Improper Dih.          LJ-14
    8.64171e+02    1.97441e+03    1.38058e+03    3.13560e+02    2.55627e+02
     Coulomb-14        LJ (SR)   Coulomb (SR)   Coul. recip.   COM Pull En.
    6.68812e+03   -1.55261e+03   -8.74859e+03    1.80469e+03    6.50216e+02
      Potential    Kinetic En.   Total Energy  Conserved En.    Temperature
    3.63019e+03    2.07632e+03    5.70650e+03    7.02680e+03    3.01599e+02
 Pressure (bar)   Constr. rmsd
   -1.06465e-01    3.26306e-06

Writing checkpoint, step 25700 at Thu Dec  7 17:47:18 2023


           Step           Time
          30000       60.00000

   Energies (kJ/mol)
        G96Bond       G96Angle    Proper Dih.  Improper Dih.          LJ-14
    1.01676e+03    2.29583e+03    1.33356e+03    3.32383e+02    3.47732e+02
     Coulomb-14        LJ (SR)   Coulomb (SR)   Coul. recip.   COM Pull En.
    6.50207e+03   -1.43633e+03   -8.69111e+03    1.81599e+03    1.90827e+03
      Potential    Kinetic En.   Total Energy  Conserved En.    Temperature
    5.42515e+03    2.19688e+03    7.62204e+03    9.14835e+03    3.19112e+02
 Pressure (bar)   Constr. rmsd
    1.85582e+00    3.24394e-06

           Step           Time
          35000       70.00000

   Energies (kJ/mol)
        G96Bond       G96Angle    Proper Dih.  Improper Dih.          LJ-14
    1.47144e+03    2.83063e+03    1.33358e+03    4.07128e+02    2.24663e+02
     Coulomb-14        LJ (SR)   Coulomb (SR)   Coul. recip.   COM Pull En.
    6.30550e+03   -1.40656e+03   -8.47801e+03    1.87339e+03    4.05852e+03
      Potential    Kinetic En.   Total Energy  Conserved En.    Temperature
    8.62031e+03    2.08569e+03    1.07060e+04    1.25260e+04    3.02960e+02
 Pressure (bar)   Constr. rmsd
   -6.68414e-01    3.18810e-06

           Step           Time
          40000       80.00000

   Energies (kJ/mol)
        G96Bond       G96Angle    Proper Dih.  Improper Dih.          LJ-14
    1.74931e+03    3.60885e+03    1.46769e+03    4.28066e+02    1.90820e+02
     Coulomb-14        LJ (SR)   Coulomb (SR)   Coul. recip.   COM Pull En.
    6.09557e+03   -1.36618e+03   -8.29038e+03    1.89153e+03    7.61374e+03
      Potential    Kinetic En.   Total Energy  Conserved En.    Temperature
    1.33890e+04    1.94674e+03    1.53358e+04    1.73051e+04    2.82777e+02
 Pressure (bar)   Constr. rmsd
    3.46393e-01    2.98757e-06

Writing checkpoint, step 42000 at Thu Dec  7 18:02:19 2023


           Step           Time
          45000       90.00000

   Energies (kJ/mol)
        G96Bond       G96Angle    Proper Dih.  Improper Dih.          LJ-14
    2.38161e+03    4.43217e+03    1.41617e+03    4.85223e+02    1.05642e+02
     Coulomb-14        LJ (SR)   Coulomb (SR)   Coul. recip.   COM Pull En.
    5.93846e+03   -1.30875e+03   -8.15205e+03    1.89152e+03    1.22773e+04
      Potential    Kinetic En.   Total Energy  Conserved En.    Temperature
    1.94673e+04    2.16196e+03    2.16293e+04    2.35782e+04    3.14039e+02
 Pressure (bar)   Constr. rmsd
   -3.70753e-01    3.10284e-06

           Step           Time
          50000      100.00000

   Energies (kJ/mol)
        G96Bond       G96Angle    Proper Dih.  Improper Dih.          LJ-14
    3.15897e+03    5.20596e+03    1.43312e+03    5.43214e+02   -1.46501e+01
     Coulomb-14        LJ (SR)   Coulomb (SR)   Coul. recip.   COM Pull En.
    5.82612e+03   -1.24824e+03   -8.01799e+03    1.90466e+03    1.85189e+04
      Potential    Kinetic En.   Total Energy  Conserved En.    Temperature
    2.73100e+04    2.18070e+03    2.94907e+04    3.13999e+04    3.16761e+02
 Pressure (bar)   Constr. rmsd
   -1.20618e+00    3.43826e-06

           Step           Time
          55000      110.00000

   Energies (kJ/mol)
        G96Bond       G96Angle    Proper Dih.  Improper Dih.          LJ-14
    3.81069e+03    6.25500e+03    1.50236e+03    5.23247e+02   -6.53216e+01
     Coulomb-14        LJ (SR)   Coulomb (SR)   Coul. recip.   COM Pull En.
    5.70286e+03   -1.20703e+03   -7.97097e+03    1.92017e+03    2.61058e+04
      Potential    Kinetic En.   Total Energy  Conserved En.    Temperature
    3.65768e+04    2.07882e+03    3.86556e+04    4.08047e+04    3.01962e+02
 Pressure (bar)   Constr. rmsd
    1.06026e+00    3.04695e-06

Writing checkpoint, step 58700 at Thu Dec  7 18:17:18 2023


           Step           Time
          60000      120.00000

   Energies (kJ/mol)
        G96Bond       G96Angle    Proper Dih.  Improper Dih.          LJ-14
    4.87526e+03    7.96953e+03    1.43726e+03    5.43714e+02   -1.84330e+02
     Coulomb-14        LJ (SR)   Coulomb (SR)   Coul. recip.   COM Pull En.
    5.54913e+03   -1.17773e+03   -7.82608e+03    1.96157e+03    3.44480e+04
      Potential    Kinetic En.   Total Energy  Conserved En.    Temperature
    4.75963e+04    2.02847e+03    4.96248e+04    5.17903e+04    2.94649e+02
 Pressure (bar)   Constr. rmsd
    9.65913e-01    3.46446e-06

           Step           Time
          65000      130.00000

   Energies (kJ/mol)
        G96Bond       G96Angle    Proper Dih.  Improper Dih.          LJ-14
    5.83696e+03    8.68891e+03    1.40310e+03    4.92750e+02   -2.16655e+02
     Coulomb-14        LJ (SR)   Coulomb (SR)   Coul. recip.   COM Pull En.
    5.48863e+03   -1.23047e+03   -7.72873e+03    2.00034e+03    4.53610e+04
      Potential    Kinetic En.   Total Energy  Conserved En.    Temperature
    6.00958e+04    2.11210e+03    6.22079e+04    6.43786e+04    3.06797e+02
 Pressure (bar)   Constr. rmsd
    8.93075e-01    2.64897e-06

           Step           Time
          70000      140.00000

   Energies (kJ/mol)
        G96Bond       G96Angle    Proper Dih.  Improper Dih.          LJ-14
    7.12982e+03    1.02504e+04    1.45291e+03    5.01539e+02   -2.62288e+02
     Coulomb-14        LJ (SR)   Coulomb (SR)   Coul. recip.   COM Pull En.
    5.40006e+03   -1.19150e+03   -7.64212e+03    1.98269e+03    5.65368e+04
      Potential    Kinetic En.   Total Energy  Conserved En.    Temperature
    7.41583e+04    2.11113e+03    7.62695e+04    7.86019e+04    3.06655e+02
 Pressure (bar)   Constr. rmsd
    9.20983e-01    3.21805e-06

           Step           Time
          75000      150.00000

   Energies (kJ/mol)
        G96Bond       G96Angle    Proper Dih.  Improper Dih.          LJ-14
    8.34547e+03    1.15097e+04    1.39731e+03    4.77870e+02   -2.80524e+02
     Coulomb-14        LJ (SR)   Coulomb (SR)   Coul. recip.   COM Pull En.
    5.31418e+03   -1.18557e+03   -7.63819e+03    1.97814e+03    6.99334e+04
      Potential    Kinetic En.   Total Energy  Conserved En.    Temperature
    8.98518e+04    1.97280e+03    9.18246e+04    9.44740e+04    2.86562e+02
 Pressure (bar)   Constr. rmsd
    2.53299e+00    3.13158e-06

Writing checkpoint, step 75300 at Thu Dec  7 18:32:17 2023


           Step           Time
          80000      160.00000

   Energies (kJ/mol)
        G96Bond       G96Angle    Proper Dih.  Improper Dih.          LJ-14
    1.00839e+04    1.31718e+04    1.38583e+03    4.52613e+02   -3.56364e+02
     Coulomb-14        LJ (SR)   Coulomb (SR)   Coul. recip.   COM Pull En.
    5.21948e+03   -1.16141e+03   -7.54382e+03    1.97614e+03    8.41643e+04
      Potential    Kinetic En.   Total Energy  Conserved En.    Temperature
    1.07393e+05    1.91655e+03    1.09309e+05    1.11996e+05    2.78392e+02
 Pressure (bar)   Constr. rmsd
    4.68363e-01    3.25981e-06

           Step           Time
          85000      170.00000

   Energies (kJ/mol)
        G96Bond       G96Angle    Proper Dih.  Improper Dih.          LJ-14
    1.21631e+04    1.49342e+04    1.42754e+03    4.17230e+02   -3.78045e+02
     Coulomb-14        LJ (SR)   Coulomb (SR)   Coul. recip.   COM Pull En.
    5.11343e+03   -1.13267e+03   -7.54069e+03    1.97086e+03    9.95422e+04
      Potential    Kinetic En.   Total Energy  Conserved En.    Temperature
    1.26517e+05    2.03728e+03    1.28555e+05    1.31179e+05    2.95928e+02
 Pressure (bar)   Constr. rmsd
   -1.29329e+00    3.08665e-06

Writing checkpoint, step 88500 at Thu Dec  7 18:47:15 2023


           Step           Time
          90000      180.00000

   Energies (kJ/mol)
        G96Bond       G96Angle    Proper Dih.  Improper Dih.          LJ-14
    1.40577e+04    1.54392e+04    1.39603e+03    4.07235e+02   -4.10821e+02
     Coulomb-14        LJ (SR)   Coulomb (SR)   Coul. recip.   COM Pull En.
    5.07977e+03   -1.11369e+03   -7.49130e+03    1.97368e+03    1.18028e+05
      Potential    Kinetic En.   Total Energy  Conserved En.    Temperature
    1.47365e+05    2.10187e+03    1.49467e+05    1.52049e+05    3.05311e+02
 Pressure (bar)   Constr. rmsd
   -1.98993e+00    3.41830e-06



Received the INT signal, stopping within 100 steps

           Step           Time
          93700      187.40000

Writing checkpoint, step 93700 at Thu Dec  7 19:00:40 2023


   Energies (kJ/mol)
        G96Bond       G96Angle    Proper Dih.  Improper Dih.          LJ-14
    1.52871e+04    1.71834e+04    1.34005e+03    4.33900e+02   -4.34457e+02
     Coulomb-14        LJ (SR)   Coulomb (SR)   Coul. recip.   COM Pull En.
    4.99431e+03   -1.05986e+03   -7.40538e+03    1.97592e+03    1.31674e+05
      Potential    Kinetic En.   Total Energy  Conserved En.    Temperature
    1.63989e+05    2.08751e+03    1.66077e+05    1.68579e+05    3.03225e+02
 Pressure (bar)   Constr. rmsd
    8.71919e-01    3.58737e-06


Energy conservation over simulation part #1 of length 187.4 ns, time 0 to 187.4 ns
  Conserved energy drift: 1.56e+00 kJ/mol/ps per atom


	<======  ###############  ==>
	<====  A V E R A G E S  ====>
	<==  ###############  ======>

	Statistics over 93701 steps using 938 frames

   Energies (kJ/mol)
        G96Bond       G96Angle    Proper Dih.  Improper Dih.          LJ-14
    4.53545e+03    6.40919e+03    1.40751e+03    4.18104e+02    1.66785e+01
     Coulomb-14        LJ (SR)   Coulomb (SR)   Coul. recip.   COM Pull En.
    6.00251e+03   -1.36291e+03   -8.26851e+03    1.86045e+03    3.26296e+04
      Potential    Kinetic En.   Total Energy  Conserved En.    Temperature
    4.36480e+04    2.06834e+03    4.57164e+04    4.74391e+04    3.00440e+02
 Pressure (bar)   Constr. rmsd
   -2.04792e-02    0.00000e+00

   Total Virial (kJ/mol)
    6.90106e+02    7.95406e+00    7.66930e+00
    7.95431e+00    6.95574e+02    4.79061e+00
    7.66953e+00    4.79146e+00    7.27652e+02

   Pressure (bar)
   -4.21435e-03   -1.56861e-02   -1.10449e-02
   -1.56864e-02   -9.05760e-03   -5.48573e-03
   -1.10452e-02   -5.48689e-03   -4.81657e-02


	M E G A - F L O P S   A C C O U N T I N G

 NB=Group-cutoff nonbonded kernels    NxN=N-by-N cluster Verlet kernels
 RF=Reaction-Field  VdW=Van der Waals  QSTab=quadratic-spline table
 W3=SPC/TIP3p  W4=TIP4p (single or pairs)
 V&F=Potential and force  V=Potential only  F=Force only

 Computing:                               M-Number         M-Flops  % Flops
-----------------------------------------------------------------------------
 Pair Search distance check               5.760322          51.843     0.0
 NxN QSTab Elec. + LJ [F]              2241.248328       91891.181     0.0
 NxN QSTab Elec. + LJ [V&F]              22.657808        1336.811     0.0
 NxN LJ [F]                             433.808496       14315.680     0.0
 NxN LJ [V&F]                             4.386240         188.608     0.0
 NxN QSTab Elec. [F]                     15.802776         537.294     0.0
 NxN QSTab Elec. [V&F]                    0.159872           6.555     0.0
 1,4 nonbonded interactions              93.045093        8374.058     0.0
 Calc Weights                           158.542092        5707.515     0.0
 Spread Q Bspline                      3382.231296        6764.463     0.0
 Gather F Bspline                      3382.231296       20293.388     0.0
 3D-FFT                            30182318.083884   241458544.671    99.8
 Solve PME                             3454.193664      221068.394     0.1
 Shift-X                                  0.529032           3.174     0.0
 Bonds                                   55.096188        3250.675     0.0
 Angles                                  86.017518       14450.943     0.0
 Propers                                 46.663098       10685.849     0.0
 Impropers                               21.644931        4502.146     0.0
 Virial                                   0.571242          10.282     0.0
 Stop-CM                                  0.529032           5.290     0.0
 Calc-Ekin                               10.570488         285.403     0.0
 Lincs                                    3.092133         185.528     0.0
 Lincs-Mat                               10.119708          40.479     0.0
 Constraint-V                             6.184266          55.658     0.0
 Constraint-Vir                           0.030954           0.743     0.0
-----------------------------------------------------------------------------
 Total                                               241862556.634   100.0
-----------------------------------------------------------------------------


     R E A L   C Y C L E   A N D   T I M E   A C C O U N T I N G

On 1 MPI rank, each using 12 OpenMP threads

 Computing:          Num   Num      Call    Wall time         Giga-Cycles
                     Ranks Threads  Count      (s)         total sum    %
-----------------------------------------------------------------------------
 Neighbor search        1   12        938       1.186         51.121   0.0
 Force                  1   12      93701     107.473       4634.148   1.7
 PME mesh               1   12      93701    5845.325     252044.593  94.2
 NB X/F buffer ops.     1   12     186464     107.280       4625.804   1.7
 COM pull force         1   12      93701       0.695         29.956   0.0
 Write traj.            1   12        100       0.087          3.744   0.0
 Update                 1   12      93701      88.215       3803.761   1.4
 Constraints            1   12      93701      45.007       1940.649   0.7
 Rest                                          11.252        485.186   0.2
-----------------------------------------------------------------------------
 Total                                       6206.520     267618.961 100.0
-----------------------------------------------------------------------------
 Breakdown of PME mesh computation
-----------------------------------------------------------------------------
 PME spread             1   12      93701     910.504      39260.022  14.7
 PME gather             1   12      93701     730.426      31495.228  11.8
 PME 3D-FFT             1   12     187402    4040.459     174220.598  65.1
 PME solve Elec         1   12      93701     132.028       5692.927   2.1
-----------------------------------------------------------------------------

               Core t (s)   Wall t (s)        (%)
       Time:    74478.221     6206.520     1200.0
                         1h43:26
                 (ns/day)    (hour/ns)
Performance:        2.609        9.200
Finished mdrun on rank 0 Thu Dec  7 19:00:40 2023

