              :-) GROMACS - gmx mdrun, 2021.4-Ubuntu-2021.4-2 (-:

                            GROMACS is written by:
     Andrey Alekseenko              Emile Apol              Rossen Apostolov     
         Paul Bauer           Herman J.C. Berendsen           Par Bjelkmar       
       Christian Blau           Viacheslav Bolnykh             Kevin Boyd        
     Aldert van Buuren           Rudi van Drunen             Anton Feenstra      
    Gilles Gouaillardet             Alan Gray               Gerrit Groenhof      
       Anca Hamuraru            Vincent Hindriksen          M. Eric Irrgang      
      Aleksei Iupinov           Christoph Junghans             Joe Jordan        
    Dimitrios Karkoulis            Peter Kasson                Jiri Kraus        
      Carsten Kutzner              Per Larsson              Justin A. Lemkul     
       Viveca Lindahl            Magnus Lundborg             Erik Marklund       
        Pascal Merz             Pieter Meulenhoff            Teemu Murtola       
        Szilard Pall               Sander Pronk              Roland Schulz       
       Michael Shirts            Alexey Shvetsov             Alfons Sijbers      
       Peter Tieleman              Jon Vincent              Teemu Virolainen     
     Christian Wennberg            Maarten Wolf              Artem Zhmurov       
                           and the project leaders:
        Mark Abraham, Berk Hess, Erik Lindahl, and David van der Spoel

Copyright (c) 1991-2000, University of Groningen, The Netherlands.
Copyright (c) 2001-2019, The GROMACS development team at
Uppsala University, Stockholm University and
the Royal Institute of Technology, Sweden.
check out http://www.gromacs.org for more information.

GROMACS is free software; you can redistribute it and/or modify it
under the terms of the GNU Lesser General Public License
as published by the Free Software Foundation; either version 2.1
of the License, or (at your option) any later version.

GROMACS:      gmx mdrun, version 2021.4-Ubuntu-2021.4-2
Executable:   /usr/bin/gmx
Data prefix:  /usr
Working dir:  /mnt/c/Ntnu/Nanomekanikk/Project_TKT4146/gromacs2
Process ID:   372
Command line:
  gmx mdrun -deffnm md_0_1

GROMACS version:    2021.4-Ubuntu-2021.4-2
Precision:          mixed
Memory model:       64 bit
MPI library:        thread_mpi
OpenMP support:     enabled (GMX_OPENMP_MAX_THREADS = 64)
GPU support:        disabled
SIMD instructions:  SSE4.1
FFT library:        fftw-3.3.8-sse2-avx
RDTSCP usage:       enabled
TNG support:        enabled
Hwloc support:      hwloc-2.5.0
Tracing support:    disabled
C compiler:         /usr/bin/cc GNU 11.2.0
C compiler flags:   -msse4.1 -Wno-missing-field-initializers -fexcess-precision=fast -funroll-all-loops -O3 -DNDEBUG
C++ compiler:       /usr/bin/c++ GNU 11.2.0
C++ compiler flags: -msse4.1 -Wno-missing-field-initializers -fexcess-precision=fast -funroll-all-loops -fopenmp -O3 -DNDEBUG


Running on 1 node with total 6 cores, 12 logical cores
Hardware detected:
  CPU info:
    Vendor: AMD
    Brand:  AMD Ryzen 5 3600 6-Core Processor              
    Family: 23   Model: 113   Stepping: 0
    Features: aes amd apic avx avx2 clfsh cmov cx8 cx16 f16c fma htt lahf misalignsse mmx msr nonstop_tsc pclmuldq pdpe1gb popcnt pse rdrnd rdtscp sha sse2 sse3 sse4a sse4.1 sse4.2 ssse3
  Hardware topology: Basic
    Sockets, cores, and logical processors:
      Socket  0: [   0   1] [   2   3] [   4   5] [   6   7] [   8   9] [  10  11]

Highest SIMD level supported by all nodes in run: AVX2_256
SIMD instructions selected at compile time:       SSE4.1
This program was compiled for different hardware than you are running on,
which could influence performance.

++++ PLEASE READ AND CITE THE FOLLOWING REFERENCE ++++
M. J. Abraham, T. Murtola, R. Schulz, S. Páll, J. C. Smith, B. Hess, E.
Lindahl
GROMACS: High performance molecular simulations through multi-level
parallelism from laptops to supercomputers
SoftwareX 1 (2015) pp. 19-25
-------- -------- --- Thank You --- -------- --------


++++ PLEASE READ AND CITE THE FOLLOWING REFERENCE ++++
S. Páll, M. J. Abraham, C. Kutzner, B. Hess, E. Lindahl
Tackling Exascale Software Challenges in Molecular Dynamics Simulations with
GROMACS
In S. Markidis & E. Laure (Eds.), Solving Software Challenges for Exascale 8759 (2015) pp. 3-27
-------- -------- --- Thank You --- -------- --------


++++ PLEASE READ AND CITE THE FOLLOWING REFERENCE ++++
S. Pronk, S. Páll, R. Schulz, P. Larsson, P. Bjelkmar, R. Apostolov, M. R.
Shirts, J. C. Smith, P. M. Kasson, D. van der Spoel, B. Hess, and E. Lindahl
GROMACS 4.5: a high-throughput and highly parallel open source molecular
simulation toolkit
Bioinformatics 29 (2013) pp. 845-54
-------- -------- --- Thank You --- -------- --------


++++ PLEASE READ AND CITE THE FOLLOWING REFERENCE ++++
B. Hess and C. Kutzner and D. van der Spoel and E. Lindahl
GROMACS 4: Algorithms for highly efficient, load-balanced, and scalable
molecular simulation
J. Chem. Theory Comput. 4 (2008) pp. 435-447
-------- -------- --- Thank You --- -------- --------


++++ PLEASE READ AND CITE THE FOLLOWING REFERENCE ++++
D. van der Spoel, E. Lindahl, B. Hess, G. Groenhof, A. E. Mark and H. J. C.
Berendsen
GROMACS: Fast, Flexible and Free
J. Comp. Chem. 26 (2005) pp. 1701-1719
-------- -------- --- Thank You --- -------- --------


++++ PLEASE READ AND CITE THE FOLLOWING REFERENCE ++++
E. Lindahl and B. Hess and D. van der Spoel
GROMACS 3.0: A package for molecular simulation and trajectory analysis
J. Mol. Mod. 7 (2001) pp. 306-317
-------- -------- --- Thank You --- -------- --------


++++ PLEASE READ AND CITE THE FOLLOWING REFERENCE ++++
H. J. C. Berendsen, D. van der Spoel and R. van Drunen
GROMACS: A message-passing parallel molecular dynamics implementation
Comp. Phys. Comm. 91 (1995) pp. 43-56
-------- -------- --- Thank You --- -------- --------

Input Parameters:
   integrator                     = md
   tinit                          = 0
   dt                             = 0.002
   nsteps                         = 20000
   init-step                      = 0
   simulation-part                = 1
   mts                            = false
   comm-mode                      = Linear
   nstcomm                        = 100
   bd-fric                        = 0
   ld-seed                        = 2113765215
   emtol                          = 10
   emstep                         = 0.01
   niter                          = 20
   fcstep                         = 0
   nstcgsteep                     = 1000
   nbfgscorr                      = 10
   rtpi                           = 0.05
   nstxout                        = 0
   nstvout                        = 0
   nstfout                        = 0
   nstlog                         = 5000
   nstcalcenergy                  = 100
   nstenergy                      = 5000
   nstxout-compressed             = 500
   compressed-x-precision         = 1000
   cutoff-scheme                  = Verlet
   nstlist                        = 10
   pbc                            = xyz
   periodic-molecules             = false
   verlet-buffer-tolerance        = 0.005
   rlist                          = 1
   coulombtype                    = PME
   coulomb-modifier               = Potential-shift
   rcoulomb-switch                = 0
   rcoulomb                       = 1
   epsilon-r                      = 1
   epsilon-rf                     = inf
   vdw-type                       = Cut-off
   vdw-modifier                   = Potential-shift
   rvdw-switch                    = 0
   rvdw                           = 1
   DispCorr                       = No
   table-extension                = 1
   fourierspacing                 = 0.16
   fourier-nx                     = 192
   fourier-ny                     = 192
   fourier-nz                     = 192
   pme-order                      = 4
   ewald-rtol                     = 1e-05
   ewald-rtol-lj                  = 0.001
   lj-pme-comb-rule               = Geometric
   ewald-geometry                 = 0
   epsilon-surface                = 0
   tcoupl                         = V-rescale
   nsttcouple                     = 10
   nh-chain-length                = 0
   print-nose-hoover-chain-variables = false
   pcoupl                         = No
   pcoupltype                     = Isotropic
   nstpcouple                     = -1
   tau-p                          = 1
   compressibility (3x3):
      compressibility[    0]={ 0.00000e+00,  0.00000e+00,  0.00000e+00}
      compressibility[    1]={ 0.00000e+00,  0.00000e+00,  0.00000e+00}
      compressibility[    2]={ 0.00000e+00,  0.00000e+00,  0.00000e+00}
   ref-p (3x3):
      ref-p[    0]={ 0.00000e+00,  0.00000e+00,  0.00000e+00}
      ref-p[    1]={ 0.00000e+00,  0.00000e+00,  0.00000e+00}
      ref-p[    2]={ 0.00000e+00,  0.00000e+00,  0.00000e+00}
   refcoord-scaling               = No
   posres-com (3):
      posres-com[0]= 0.00000e+00
      posres-com[1]= 0.00000e+00
      posres-com[2]= 0.00000e+00
   posres-comB (3):
      posres-comB[0]= 0.00000e+00
      posres-comB[1]= 0.00000e+00
      posres-comB[2]= 0.00000e+00
   QMMM                           = false
qm-opts:
   ngQM                           = 0
   constraint-algorithm           = Lincs
   continuation                   = true
   Shake-SOR                      = false
   shake-tol                      = 0.0001
   lincs-order                    = 4
   lincs-iter                     = 1
   lincs-warnangle                = 30
   nwall                          = 0
   wall-type                      = 9-3
   wall-r-linpot                  = -1
   wall-atomtype[0]               = -1
   wall-atomtype[1]               = -1
   wall-density[0]                = 0
   wall-density[1]                = 0
   wall-ewald-zfac                = 3
   pull                           = true
   pull-cylinder-r                = 1.5
   pull-constr-tol                = 1e-06
   pull-print-COM                 = false
   pull-print-ref-value           = false
   pull-print-components          = false
   pull-nstxout                   = 50
   pull-nstfout                   = 50
   pull-pbc-ref-prev-step-com     = false
   pull-xout-average              = false
   pull-fout-average              = false
   pull-ngroups                   = 3
   pull-group 0:
     atom: not available
     weight: not available
     pbcatom                        = -1
   pull-group 1:
     atom (6):
        atom[0]=180
        atom[1]=181
        atom[2]=368
        atom[3]=369
        atom[4]=556
        atom[5]=557
     weight: not available
     pbcatom                        = 368
   pull-group 2:
     atom (6):
        atom[0]=0
        atom[1]=3
        atom[2]=188
        atom[3]=191
        atom[4]=376
        atom[5]=379
     weight: not available
     pbcatom                        = 188
   pull-ncoords                   = 1
   pull-coord 0:
   type                           = umbrella
   geometry                       = distance
   group[0]                       = 1
   group[1]                       = 2
   dim (3):
      dim[0]=0
      dim[1]=0
      dim[2]=1
   origin (3):
      origin[0]= 0.00000e+00
      origin[1]= 0.00000e+00
      origin[2]= 0.00000e+00
   vec (3):
      vec[0]= 0.00000e+00
      vec[1]= 0.00000e+00
      vec[2]= 0.00000e+00
   start                          = true
   init                           = 6.67602
   rate                           = 0.01
   k                              = 4000
   kB                             = 4000
   awh                            = false
   rotation                       = false
   interactiveMD                  = false
   disre                          = No
   disre-weighting                = Conservative
   disre-mixed                    = false
   dr-fc                          = 1000
   dr-tau                         = 0
   nstdisreout                    = 100
   orire-fc                       = 0
   orire-tau                      = 0
   nstorireout                    = 100
   free-energy                    = no
   cos-acceleration               = 0
   deform (3x3):
      deform[    0]={ 0.00000e+00,  0.00000e+00,  0.00000e+00}
      deform[    1]={ 0.00000e+00,  0.00000e+00,  0.00000e+00}
      deform[    2]={ 0.00000e+00,  0.00000e+00,  0.00000e+00}
   simulated-tempering            = false
   swapcoords                     = no
   userint1                       = 0
   userint2                       = 0
   userint3                       = 0
   userint4                       = 0
   userreal1                      = 0
   userreal2                      = 0
   userreal3                      = 0
   userreal4                      = 0
   applied-forces:
     electric-field:
       x:
         E0                       = 0
         omega                    = 0
         t0                       = 0
         sigma                    = 0
       y:
         E0                       = 0
         omega                    = 0
         t0                       = 0
         sigma                    = 0
       z:
         E0                       = 0
         omega                    = 0
         t0                       = 0
         sigma                    = 0
     density-guided-simulation:
       active                     = false
       group                      = protein
       similarity-measure         = inner-product
       atom-spreading-weight      = unity
       force-constant             = 1e+09
       gaussian-transform-spreading-width = 0.2
       gaussian-transform-spreading-range-in-multiples-of-width = 4
       reference-density-filename = reference.mrc
       nst                        = 1
       normalize-densities        = true
       adaptive-force-scaling     = false
       adaptive-force-scaling-time-constant = 4
       shift-vector               = 
       transformation-matrix      = 
grpopts:
   nrdf:        1656
   ref-t:         300
   tau-t:         0.1
annealing:          No
annealing-npoints:           0
   acc:	           0           0           0
   nfreeze:           N           N           N
   energygrp-flags[  0]: 0

Changing nstlist from 10 to 100, rlist from 1 to 1

Using 1 MPI thread
Using 12 OpenMP threads 

Pinning threads with an auto-selected logical core stride of 1
System total charge: 0.000
Will do PME sum in reciprocal space for electrostatic interactions.

++++ PLEASE READ AND CITE THE FOLLOWING REFERENCE ++++
U. Essmann, L. Perera, M. L. Berkowitz, T. Darden, H. Lee and L. G. Pedersen 
A smooth particle mesh Ewald method
J. Chem. Phys. 103 (1995) pp. 8577-8592
-------- -------- --- Thank You --- -------- --------

Using a Gaussian width (1/beta) of 0.320163 nm for Ewald
Potential shift: LJ r^-12: -1.000e+00 r^-6: -1.000e+00, Ewald -1.000e-05
Initialized non-bonded Ewald tables, spacing: 9.33e-04 size: 1073

Generated table with 1000 data points for 1-4 COUL.
Tabscale = 500 points/nm
Generated table with 1000 data points for 1-4 LJ6.
Tabscale = 500 points/nm
Generated table with 1000 data points for 1-4 LJ12.
Tabscale = 500 points/nm


Using SIMD 4x4 nonbonded short-range kernels

Using a 4x4 pair-list setup:
  updated every 100 steps, buffer 0.000 nm, rlist 1.000 nm
At tolerance 0.005 kJ/mol/ps per atom, equivalent classical 1x1 list would be:
  updated every 100 steps, buffer 0.000 nm, rlist 1.000 nm

Using full Lennard-Jones parameter combination matrix

Will apply potential COM pulling
with 1 pull coordinate and 2 groups
Pull group 1:     6 atoms, mass    81.077
Pull group 2:     6 atoms, mass    81.077

Initializing LINear Constraint Solver

++++ PLEASE READ AND CITE THE FOLLOWING REFERENCE ++++
B. Hess and H. Bekker and H. J. C. Berendsen and J. G. E. M. Fraaije
LINCS: A Linear Constraint Solver for molecular simulations
J. Comp. Chem. 18 (1997) pp. 1463-1472
-------- -------- --- Thank You --- -------- --------

The number of constraints is 33

++++ PLEASE READ AND CITE THE FOLLOWING REFERENCE ++++
G. Bussi, D. Donadio and M. Parrinello
Canonical sampling through velocity rescaling
J. Chem. Phys. 126 (2007) pp. 014101
-------- -------- --- Thank You --- -------- --------

There are: 564 Atoms
Center of mass motion removal mode is Linear
We have the following groups for center of mass motion removal:
  0:  rest

Started mdrun on rank 0 Tue Dec  5 18:27:12 2023

           Step           Time
              0        0.00000

   Energies (kJ/mol)
        G96Bond       G96Angle    Proper Dih.  Improper Dih.          LJ-14
    8.54349e+02    1.58628e+03    1.53941e+03    2.74014e+02    3.97177e+01
     Coulomb-14        LJ (SR)   Coulomb (SR)   Coul. recip.   COM Pull En.
    9.52609e+03   -1.53185e+03   -1.20208e+04    1.79666e+03    3.09392e-11
      Potential    Kinetic En.   Total Energy  Conserved En.    Temperature
    2.06389e+03    2.05213e+03    4.11602e+03    4.11602e+03    2.98085e+02
 Pressure (bar)   Constr. rmsd
   -4.30495e-01    3.94324e-06

           Step           Time
           5000       10.00000

   Energies (kJ/mol)
        G96Bond       G96Angle    Proper Dih.  Improper Dih.          LJ-14
    8.18059e+02    1.59532e+03    1.51277e+03    2.47895e+02    6.47668e+01
     Coulomb-14        LJ (SR)   Coulomb (SR)   Coul. recip.   COM Pull En.
    9.55308e+03   -1.43975e+03   -1.19882e+04    1.65983e+03    4.28337e-01
      Potential    Kinetic En.   Total Energy  Conserved En.    Temperature
    2.02419e+03    2.11512e+03    4.13931e+03    4.11677e+03    3.07235e+02
 Pressure (bar)   Constr. rmsd
   -4.00393e-01    4.00294e-06

           Step           Time
          10000       20.00000

   Energies (kJ/mol)
        G96Bond       G96Angle    Proper Dih.  Improper Dih.          LJ-14
    7.93688e+02    1.53599e+03    1.60980e+03    2.43932e+02    6.37180e+01
     Coulomb-14        LJ (SR)   Coulomb (SR)   Coul. recip.   COM Pull En.
    9.49819e+03   -1.43938e+03   -1.19440e+04    1.68482e+03    2.65750e-01
      Potential    Kinetic En.   Total Energy  Conserved En.    Temperature
    2.04703e+03    2.16068e+03    4.20771e+03    4.12211e+03    3.13852e+02
 Pressure (bar)   Constr. rmsd
    1.49889e-01    4.38900e-06

           Step           Time
          15000       30.00000

   Energies (kJ/mol)
        G96Bond       G96Angle    Proper Dih.  Improper Dih.          LJ-14
    8.52142e+02    1.62245e+03    1.51440e+03    2.32857e+02   -5.82312e+00
     Coulomb-14        LJ (SR)   Coulomb (SR)   Coul. recip.   COM Pull En.
    9.50611e+03   -1.45304e+03   -1.19505e+04    1.69538e+03    5.70438e+00
      Potential    Kinetic En.   Total Energy  Conserved En.    Temperature
    2.01970e+03    2.09910e+03    4.11879e+03    4.13852e+03    3.04908e+02
 Pressure (bar)   Constr. rmsd
   -2.45193e-01    4.24960e-06

Writing checkpoint, step 15900 at Tue Dec  5 18:42:18 2023


           Step           Time
          20000       40.00000

Writing checkpoint, step 20000 at Tue Dec  5 18:46:22 2023


   Energies (kJ/mol)
        G96Bond       G96Angle    Proper Dih.  Improper Dih.          LJ-14
    8.27899e+02    1.63564e+03    1.51203e+03    2.48887e+02    3.59060e+01
     Coulomb-14        LJ (SR)   Coulomb (SR)   Coul. recip.   COM Pull En.
    9.47189e+03   -1.38917e+03   -1.18744e+04    1.65330e+03    1.23303e-01
      Potential    Kinetic En.   Total Energy  Conserved En.    Temperature
    2.12212e+03    1.94060e+03    4.06272e+03    4.15055e+03    2.81885e+02
 Pressure (bar)   Constr. rmsd
   -6.21692e-01    4.64811e-06


Energy conservation over simulation part #1 of length 40 ns, time 0 to 40 ns
  Conserved energy drift: 1.53e-03 kJ/mol/ps per atom


	<======  ###############  ==>
	<====  A V E R A G E S  ====>
	<==  ###############  ======>

	Statistics over 20001 steps using 201 frames

   Energies (kJ/mol)
        G96Bond       G96Angle    Proper Dih.  Improper Dih.          LJ-14
    7.90335e+02    1.58047e+03    1.53285e+03    2.63228e+02    5.74002e+01
     Coulomb-14        LJ (SR)   Coulomb (SR)   Coul. recip.   COM Pull En.
    9.50676e+03   -1.45593e+03   -1.19590e+04    1.69133e+03    1.52691e+00
      Potential    Kinetic En.   Total Energy  Conserved En.    Temperature
    2.00897e+03    2.06198e+03    4.07095e+03    4.12873e+03    2.99516e+02
 Pressure (bar)   Constr. rmsd
   -5.11109e-02    0.00000e+00

   Total Virial (kJ/mol)
    7.39494e+02   -2.53429e+01    4.48997e+01
   -2.53459e+01    7.46574e+02   -1.87594e+01
    4.48982e+01   -1.87585e+01    6.88197e+02

   Pressure (bar)
   -7.91825e-02    3.54614e-02   -7.01686e-02
    3.54655e-02   -8.25774e-02    2.22500e-02
   -7.01665e-02    2.22487e-02    8.42729e-03


	M E G A - F L O P S   A C C O U N T I N G

 NB=Group-cutoff nonbonded kernels    NxN=N-by-N cluster Verlet kernels
 RF=Reaction-Field  VdW=Van der Waals  QSTab=quadratic-spline table
 W3=SPC/TIP3p  W4=TIP4p (single or pairs)
 V&F=Potential and force  V=Potential only  F=Force only

 Computing:                               M-Number         M-Flops  % Flops
-----------------------------------------------------------------------------
 Pair Search distance check               1.347918          12.131     0.0
 NxN QSTab Elec. + LJ [F]               679.406904       27855.683     0.1
 NxN QSTab Elec. + LJ [V&F]               6.897400         406.947     0.0
 NxN LJ [F]                             101.203344        3339.710     0.0
 NxN LJ [V&F]                             1.026784          44.152     0.0
 NxN QSTab Elec. [F]                      2.155032          73.271     0.0
 NxN QSTab Elec. [V&F]                    0.021912           0.898     0.0
 1,4 nonbonded interactions              19.860993        1787.489     0.0
 Calc Weights                            33.841692        1218.301     0.0
 Spread Q Bspline                       721.956096        1443.912     0.0
 Gather F Bspline                       721.956096        4331.737     0.0
 3D-FFT                             6442583.793084    51540670.345    99.8
 Solve PME                              737.316864       47188.279     0.1
 Shift-X                                  0.113364           0.680     0.0
 Bonds                                   11.760588         693.875     0.0
 Angles                                  18.360918        3084.634     0.0
 Propers                                 13.380669        3064.173     0.0
 Impropers                                4.620231         961.008     0.0
 Virial                                   0.122409           2.203     0.0
 Stop-CM                                  0.113364           1.134     0.0
 Calc-Ekin                                2.257128          60.942     0.0
 Lincs                                    0.660033          39.602     0.0
 Lincs-Mat                                0.720036           2.880     0.0
 Constraint-V                             1.320066          11.881     0.0
 Constraint-Vir                           0.006633           0.159     0.0
-----------------------------------------------------------------------------
 Total                                                51636296.027   100.0
-----------------------------------------------------------------------------


     R E A L   C Y C L E   A N D   T I M E   A C C O U N T I N G

On 1 MPI rank, each using 12 OpenMP threads

 Computing:          Num   Num      Call    Wall time         Giga-Cycles
                     Ranks Threads  Count      (s)         total sum    %
-----------------------------------------------------------------------------
 Neighbor search        1   12        201       0.058          2.480   0.0
 Force                  1   12      20001       4.302        185.517   0.4
 PME mesh               1   12      20001    1133.615      48880.347  98.5
 NB X/F buffer ops.     1   12      39801       3.897        168.036   0.3
 COM pull force         1   12      20001       0.153          6.597   0.0
 Write traj.            1   12         42       0.035          1.525   0.0
 Update                 1   12      20001       5.310        228.941   0.5
 Constraints            1   12      20001       2.622        113.046   0.2
 Rest                                           0.686         29.573   0.1
-----------------------------------------------------------------------------
 Total                                       1150.677      49616.061 100.0
-----------------------------------------------------------------------------
 Breakdown of PME mesh computation
-----------------------------------------------------------------------------
 PME spread             1   12      20001     168.397       7261.113  14.6
 PME gather             1   12      20001     116.382       5018.284  10.1
 PME 3D-FFT             1   12      40002     819.743      35346.490  71.2
 PME solve Elec         1   12      20001      26.628       1148.185   2.3
-----------------------------------------------------------------------------

               Core t (s)   Wall t (s)        (%)
       Time:    13808.123     1150.677     1200.0
                 (ns/day)    (hour/ns)
Performance:        3.004        7.990
Finished mdrun on rank 0 Tue Dec  5 18:46:22 2023

